
*** Running vivado
    with args -log design_1_proc_sys_reset_0_0.vds -m64 -product Vivado -mode batch -messageDb vivado.pb -notrace -source design_1_proc_sys_reset_0_0.tcl


****** Vivado v2023.1 (64-bit)
  **** SW Build 3865809 on Sun May  7 15:04:56 MDT 2023
  **** IP Build 3864474 on Sun May  7 20:36:21 MDT 2023
  **** SharedData Build 3865790 on Sun May 07 13:33:03 MDT 2023
    ** Copyright 1986-2022 Xilinx, Inc. All Rights Reserved.
    ** Copyright 2022-2023 Advanced Micro Devices, Inc. All Rights Reserved.

source design_1_proc_sys_reset_0_0.tcl -notrace
create_project: Time (s): cpu = 00:00:17 ; elapsed = 00:00:42 . Memory (MB): peak = 1298.727 ; gain = 25.023 ; free physical = 162 ; free virtual = 10335
INFO: [IP_Flow 19-234] Refreshing IP repositories
INFO: [IP_Flow 19-1700] Loaded user IP repository '/home/dvd/SPL/ip_repo/pl_ps_axi_1_0'.
INFO: [IP_Flow 19-1700] Loaded user IP repository '/home/dvd/dab_hls'.
INFO: [IP_Flow 19-2313] Loaded Vivado IP repository '/home/dvd/Vivado/2023.1/data/ip'.
INFO: [IP_Flow 19-6924] IPCACHE: Running cache check for IP inst: design_1_proc_sys_reset_0_0
INFO: [IP_Flow 19-6922] IPCACHE: Exporting cached entry 9a439944b02a80d9 to dir: /home/dvd/SPL/spl_prj/spl_prj.runs/design_1_proc_sys_reset_0_0_synth_1
INFO: [IP_Flow 19-6928] IPCACHE: copied cached file /home/dvd/SPL/spl_prj/spl_prj.cache/ip/2023.1/9/a/9a439944b02a80d9/design_1_proc_sys_reset_0_0_stub.v to /home/dvd/SPL/spl_prj/spl_prj.runs/design_1_proc_sys_reset_0_0_synth_1/design_1_proc_sys_reset_0_0_stub.v.
INFO: [IP_Flow 19-6928] IPCACHE: copied cached file /home/dvd/SPL/spl_prj/spl_prj.cache/ip/2023.1/9/a/9a439944b02a80d9/design_1_proc_sys_reset_0_0.dcp to /home/dvd/SPL/spl_prj/spl_prj.runs/design_1_proc_sys_reset_0_0_synth_1/design_1_proc_sys_reset_0_0.dcp.
INFO: [IP_Flow 19-6928] IPCACHE: copied cached file /home/dvd/SPL/spl_prj/spl_prj.cache/ip/2023.1/9/a/9a439944b02a80d9/design_1_proc_sys_reset_0_0_sim_netlist.v to /home/dvd/SPL/spl_prj/spl_prj.runs/design_1_proc_sys_reset_0_0_synth_1/design_1_proc_sys_reset_0_0_sim_netlist.v.
INFO: [IP_Flow 19-6928] IPCACHE: copied cached file /home/dvd/SPL/spl_prj/spl_prj.cache/ip/2023.1/9/a/9a439944b02a80d9/design_1_proc_sys_reset_0_0_stub.vhdl to /home/dvd/SPL/spl_prj/spl_prj.runs/design_1_proc_sys_reset_0_0_synth_1/design_1_proc_sys_reset_0_0_stub.vhdl.
INFO: [IP_Flow 19-6928] IPCACHE: copied cached file /home/dvd/SPL/spl_prj/spl_prj.cache/ip/2023.1/9/a/9a439944b02a80d9/design_1_proc_sys_reset_0_0_sim_netlist.vhdl to /home/dvd/SPL/spl_prj/spl_prj.runs/design_1_proc_sys_reset_0_0_synth_1/design_1_proc_sys_reset_0_0_sim_netlist.vhdl.
INFO: [IP_Flow 19-4838] Using cached IP synthesis design for IP design_1_proc_sys_reset_0_0, cache-ID = 9a439944b02a80d9.
INFO: [Common 17-206] Exiting Vivado at Sun Jun 23 12:22:58 2024...
