Copyright 1986-2022 Xilinx, Inc. All Rights Reserved. Copyright 2022-2023 Advanced Micro Devices, Inc. All Rights Reserved.
---------------------------------------------------------------------------------------------------------------------------------------------
| Tool Version : Vivado v.2023.1 (lin64) Build 3865809 Sun May  7 15:04:56 MDT 2023
| Date         : Sun Jun 23 11:47:15 2024
| Host         : dvd running 64-bit Ubuntu 22.04.3 LTS
| Command      : upgrade_ip
| Device       : xc7z020clg400-1
---------------------------------------------------------------------------------------------------------------------------------------------

Upgrade Log for IP 'design_1_dab_top_0_9'

1. Summary
----------

SUCCESS in the upgrade of design_1_dab_top_0_9 (xilinx.com:hls:dab_top:1.0) from (Rev. 2113614647) to (Rev. 2113614763)






Copyright 1986-2022 Xilinx, Inc. All Rights Reserved. Copyright 2022-2023 Advanced Micro Devices, Inc. All Rights Reserved.
---------------------------------------------------------------------------------------------------------------------------------------------
| Tool Version : Vivado v.2023.1 (lin64) Build 3865809 Sun May  7 15:04:56 MDT 2023
| Date         : Sun Jun 23 09:49:31 2024
| Host         : dvd running 64-bit Ubuntu 22.04.3 LTS
| Command      : upgrade_ip
| Device       : xc7z020clg400-1
---------------------------------------------------------------------------------------------------------------------------------------------

Upgrade Log for IP 'design_1_dab_top_0_9'

1. Summary
----------

CAUTION (success, with warnings) in the upgrade of design_1_dab_top_0_9 (xilinx.com:hls:dab_top:1.0) from (Rev. 2113614581) to (Rev. 2113614647)

After upgrade, an IP may have parameter and port differences compared to the original customization. Please review the parameters within the IP customization GUI to ensure proper functionality. Also, please review the updated IP instantiation template to ensure proper connectivity, and update your design if required.

2. Interface Information
------------------------

Detected external interface differences while upgrading 'design_1_dab_top_0_9'.


-Upgrade has added interface 'ap_ctrl' (xilinx.com:interface:acc_handshake:1.0)


3. Connection Warnings
----------------------

Detected external port differences while upgrading 'design_1_dab_top_0_9'. These changes may impact your design.


-Upgrade has added port 'ap_done'

-Upgrade has added port 'ap_idle'

-Upgrade has added port 'ap_ready'

-Upgrade has added port 'ap_start'







Copyright 1986-2022 Xilinx, Inc. All Rights Reserved. Copyright 2022-2023 Advanced Micro Devices, Inc. All Rights Reserved.
---------------------------------------------------------------------------------------------------------------------------------------------
| Tool Version : Vivado v.2023.1 (lin64) Build 3865809 Sun May  7 15:04:56 MDT 2023
| Date         : Sun Jun 23 08:42:55 2024
| Host         : dvd running 64-bit Ubuntu 22.04.3 LTS
| Command      : upgrade_ip
| Device       : xc7z020clg400-1
---------------------------------------------------------------------------------------------------------------------------------------------

Upgrade Log for IP 'design_1_dab_top_0_9'

1. Summary
----------

SUCCESS in the upgrade of design_1_dab_top_0_9 (xilinx.com:hls:dab_top:1.0) from (Rev. 2113598126) to (Rev. 2113614581)






Copyright 1986-2022 Xilinx, Inc. All Rights Reserved. Copyright 2022-2023 Advanced Micro Devices, Inc. All Rights Reserved.
---------------------------------------------------------------------------------------------------------------------------------------------
| Tool Version : Vivado v.2023.1 (lin64) Build 3865809 Sun May  7 15:04:56 MDT 2023
| Date         : Tue Jun 11 22:28:00 2024
| Host         : dvd running 64-bit Ubuntu 22.04.3 LTS
| Command      : upgrade_ip
| Device       : xc7z020clg400-1
---------------------------------------------------------------------------------------------------------------------------------------------

Upgrade Log for IP 'design_1_dab_top_0_9'

1. Summary
----------

SUCCESS in the upgrade of design_1_dab_top_0_9 (xilinx.com:hls:dab_top:1.0) from (Rev. 2113592553) to (Rev. 2113598126)






Copyright 1986-2022 Xilinx, Inc. All Rights Reserved. Copyright 2022-2023 Advanced Micro Devices, Inc. All Rights Reserved.
---------------------------------------------------------------------------------------------------------------------------------------------
| Tool Version : Vivado v.2023.1 (lin64) Build 3865809 Sun May  7 15:04:56 MDT 2023
| Date         : Sat Jun  8 01:34:16 2024
| Host         : dvd running 64-bit Ubuntu 22.04.3 LTS
| Command      : upgrade_ip
| Device       : xc7z020clg400-1
---------------------------------------------------------------------------------------------------------------------------------------------

Upgrade Log for IP 'design_1_dab_top_0_9'

1. Summary
----------

SUCCESS in the upgrade of design_1_dab_top_0_9 (xilinx.com:hls:dab_top:1.0) from (Rev. 2113572262) to (Rev. 2113592553)

