Vivado Simulator v2023.1
Copyright 1986-2022 Xilinx, Inc. All Rights Reserved.
Copyright 2022-2023 Advanced Micro Devices, Inc. All Rights Reserved.
Running: /home/dvd/Vivado/2023.1/bin/unwrapped/lnx64.o/xelab --incr --debug typical --relax --mt 8 -L xil_defaultlib -L unisims_ver -L secureip --snapshot solver_engine_tb_func_impl xil_defaultlib.solver_engine_tb xil_defaultlib.glbl -log elaborate.log 
Using 8 slave threads.
Starting static elaboration
Pass Through NonSizing Optimizer
Completed static elaboration
Starting simulation data flow analysis
Completed simulation data flow analysis
Time Resolution for simulation is 1ps
Compiling module unisims_ver.BUFG
Compiling module unisims_ver.IBUF
Compiling module unisims_ver.x_lut2_mux4
Compiling module unisims_ver.LUT2
Compiling module unisims_ver.FDRE_default
Compiling module unisims_ver.x_lut1_mux2
Compiling module unisims_ver.LUT1
Compiling module xil_defaultlib.xsdbm_v3_0_0_ctl_reg
Compiling module unisims_ver.LUT4
Compiling module unisims_ver.x_lut3_mux8
Compiling module unisims_ver.LUT3
Compiling module xil_defaultlib.xsdbm_v3_0_0_stat_reg
Compiling module unisims_ver.LUT6
Compiling module xil_defaultlib.xsdbm_v3_0_0_stat_reg__parameter...
Compiling module unisims_ver.LUT5
Compiling module xil_defaultlib.xsdbm_v3_0_0_ctl_reg__parameteri...
Compiling module xil_defaultlib.xsdbm_v3_0_0_ctl_reg__parameteri...
Compiling module unisims_ver.GND
Compiling module unisims_ver.VCC
Compiling module unisims_ver.FDCE_default
Compiling module xil_defaultlib.synchronizer_ff__parameterized0_...
Compiling module xil_defaultlib.synchronizer_ff__parameterized0_...
Compiling module xil_defaultlib.synchronizer_ff__parameterized0_...
Compiling module xil_defaultlib.synchronizer_ff__parameterized0_...
Compiling module xil_defaultlib.clk_x_pntrs_7
Compiling module unisims_ver.FDPE_default
Compiling module xil_defaultlib.rd_fwft
Compiling module xil_defaultlib.rd_status_flags_as_17
Compiling module xil_defaultlib.rd_handshaking_flags__parameteri...
Compiling module xil_defaultlib.rd_bin_cntr_18
Compiling module xil_defaultlib.rd_logic__parameterized0
Compiling module xil_defaultlib.wr_status_flags_as_14
Compiling module xil_defaultlib.wr_handshaking_flags_15
Compiling module xil_defaultlib.wr_bin_cntr_16
Compiling module xil_defaultlib.wr_logic__parameterized0
Compiling module unisims_ver.RAM32M
Compiling module xil_defaultlib.dmem_13
Compiling module xil_defaultlib.memory__parameterized0
Compiling module xil_defaultlib.synchronizer_ff_9
Compiling module xil_defaultlib.synchronizer_ff_10
Compiling module xil_defaultlib.synchronizer_ff_11
Compiling module xil_defaultlib.synchronizer_ff_12
Compiling module xil_defaultlib.reset_blk_ramfifo_8
Compiling module xil_defaultlib.fifo_generator_ramfifo__paramete...
Compiling module xil_defaultlib.fifo_generator_top__parameterize...
Compiling module xil_defaultlib.fifo_generator_v13_1_4_synth__pa...
Compiling module xil_defaultlib.fifo_generator_v13_1_4__paramete...
Compiling module xil_defaultlib.xsdbm_v3_0_0_rdfifo
Compiling module xil_defaultlib.xsdbm_v3_0_0_rdreg
Compiling module xil_defaultlib.synchronizer_ff__parameterized0
Compiling module xil_defaultlib.synchronizer_ff__parameterized0_...
Compiling module xil_defaultlib.synchronizer_ff__parameterized0_...
Compiling module xil_defaultlib.synchronizer_ff__parameterized0_...
Compiling module xil_defaultlib.clk_x_pntrs
Compiling module xil_defaultlib.rd_status_flags_as
Compiling module xil_defaultlib.rd_handshaking_flags
Compiling module xil_defaultlib.rd_bin_cntr
Compiling module xil_defaultlib.rd_logic
Compiling module xil_defaultlib.wr_status_flags_as
Compiling module xil_defaultlib.wr_handshaking_flags
Compiling module xil_defaultlib.wr_bin_cntr
Compiling module xil_defaultlib.wr_logic
Compiling module xil_defaultlib.dmem
Compiling module xil_defaultlib.memory
Compiling module xil_defaultlib.synchronizer_ff
Compiling module xil_defaultlib.synchronizer_ff_1
Compiling module xil_defaultlib.synchronizer_ff_2
Compiling module xil_defaultlib.synchronizer_ff_3
Compiling module xil_defaultlib.reset_blk_ramfifo
Compiling module xil_defaultlib.fifo_generator_ramfifo
Compiling module xil_defaultlib.fifo_generator_top
Compiling module xil_defaultlib.fifo_generator_v13_1_4_synth
Compiling module xil_defaultlib.fifo_generator_v13_1_4
Compiling module xil_defaultlib.xsdbm_v3_0_0_wrfifo
Compiling module xil_defaultlib.xsdbm_v3_0_0_wrreg
Compiling module xil_defaultlib.xsdbm_v3_0_0_ctl_reg__parameteri...
Compiling module xil_defaultlib.xsdbm_v3_0_0_stat_reg__parameter...
Compiling module xil_defaultlib.xsdbm_v3_0_0_if_static_status
Compiling module xil_defaultlib.xsdbm_v3_0_0_if
Compiling module unisims_ver.CARRY4
Compiling module xil_defaultlib.xsdbm_v3_0_0_addr_ctl
Compiling module xil_defaultlib.xsdbm_v3_0_0_burst_wdlen_ctl
Compiling module xil_defaultlib.xsdbm_v3_0_0_bus_ctl_flg__parame...
Compiling module xil_defaultlib.xsdbm_v3_0_0_bus_ctl_flg
Compiling module xil_defaultlib.xsdbm_v3_0_0_bus_ctl_cnt
Compiling module xil_defaultlib.xsdbm_v3_0_0_bus_ctl
Compiling module xil_defaultlib.ltlib_v1_0_0_generic_mux
Compiling module xil_defaultlib.xsdbm_v3_0_0_bus_mstr2sl_if
Compiling module xil_defaultlib.xsdbm_v3_0_0_icon2xsdb
Compiling module xil_defaultlib.xsdbm_v3_0_0_cmd_decode
Compiling module xil_defaultlib.xsdbm_v3_0_0_stat
Compiling module xil_defaultlib.xsdbm_v3_0_0_sync
Compiling module xil_defaultlib.xsdbm_v3_0_0_icon
Compiling module unisims_ver.BSCANE2
Compiling module xil_defaultlib.ltlib_v1_0_0_bscan
Compiling module unisims_ver.FDSE_default
Compiling module xil_defaultlib.xsdbm_v3_0_0_bscan_switch
Compiling module xil_defaultlib.xsdbm_v3_0_0_xsdbm_id
Compiling module xil_defaultlib.xsdbm_v3_0_0_xsdbm
Compiling module xil_defaultlib.dbg_hub
Compiling module unisims_ver.RB36_INTERNAL_VLOG(DOA_REG=1,DOB...
Compiling module unisims_ver.RAMB36E1(DOA_REG=1,DOB_REG=1,REA...
Compiling module unisims_ver.SRL16E_default
Compiling module unisims_ver.SRLC32E_default
Compiling module unisims_ver.SRLC16E_default
Compiling module unisims_ver.CFGLUT5_default
Compiling module unisims_ver.MUXF7
Compiling module xil_defaultlib.ila_0
Compiling module unisims_ver.OBUF
Compiling module xil_defaultlib.float_multi_211
Compiling module xil_defaultlib.float_multi_212
Compiling module unisims_ver.DSP48E1(ACASCREG=0,ALUMODEREG=0,...
Compiling module xil_defaultlib.dp_207
Compiling module xil_defaultlib.float_multi_209
Compiling module xil_defaultlib.float_multi_210
Compiling module xil_defaultlib.dp_208
Compiling module xil_defaultlib.mvm_206
Compiling module xil_defaultlib.eq1415_176
Compiling module xil_defaultlib.float_multi_204
Compiling module xil_defaultlib.float_multi_205
Compiling module xil_defaultlib.dp_200
Compiling module xil_defaultlib.float_multi_202
Compiling module xil_defaultlib.float_multi_203
Compiling module xil_defaultlib.dp_201
Compiling module xil_defaultlib.mvm_178
Compiling module xil_defaultlib.float_multi_198
Compiling module xil_defaultlib.float_multi_199
Compiling module xil_defaultlib.dp_194
Compiling module xil_defaultlib.float_multi_196
Compiling module xil_defaultlib.float_multi_197
Compiling module xil_defaultlib.dp_195
Compiling module xil_defaultlib.mvm_179
Compiling module xil_defaultlib.float_multi_192
Compiling module xil_defaultlib.dp_188
Compiling module xil_defaultlib.float_multi_190
Compiling module xil_defaultlib.dp_189
Compiling module xil_defaultlib.mvm_180
Compiling module xil_defaultlib.float_multi_186
Compiling module xil_defaultlib.float_multi_187
Compiling module xil_defaultlib.dp_182
Compiling module xil_defaultlib.float_multi_184
Compiling module xil_defaultlib.float_multi_185
Compiling module xil_defaultlib.dp_183
Compiling module xil_defaultlib.mvm_181
Compiling module xil_defaultlib.eq1213_177
Compiling module xil_defaultlib.sw_entity
Compiling module xil_defaultlib.float_multi_174
Compiling module xil_defaultlib.float_multi_175
Compiling module xil_defaultlib.dp_170
Compiling module xil_defaultlib.float_multi_172
Compiling module xil_defaultlib.float_multi_173
Compiling module xil_defaultlib.dp_171
Compiling module xil_defaultlib.mvm_169
Compiling module xil_defaultlib.eq1415
Compiling module xil_defaultlib.float_multi_167
Compiling module xil_defaultlib.float_multi_168
Compiling module xil_defaultlib.dp_163
Compiling module xil_defaultlib.float_multi_165
Compiling module xil_defaultlib.float_multi_166
Compiling module xil_defaultlib.dp_164
Compiling module xil_defaultlib.mvm_141
Compiling module xil_defaultlib.float_multi_161
Compiling module xil_defaultlib.float_multi_162
Compiling module xil_defaultlib.dp_157
Compiling module xil_defaultlib.float_multi_159
Compiling module xil_defaultlib.float_multi_160
Compiling module xil_defaultlib.dp_158
Compiling module xil_defaultlib.mvm_142
Compiling module xil_defaultlib.float_multi_155
Compiling module xil_defaultlib.dp_151
Compiling module xil_defaultlib.float_multi_153
Compiling module xil_defaultlib.dp_152
Compiling module xil_defaultlib.mvm_143
Compiling module xil_defaultlib.float_multi_149
Compiling module xil_defaultlib.float_multi_150
Compiling module xil_defaultlib.dp_145
Compiling module xil_defaultlib.float_multi_147
Compiling module xil_defaultlib.float_multi_148
Compiling module xil_defaultlib.dp_146
Compiling module xil_defaultlib.mvm_144
Compiling module xil_defaultlib.eq1213
Compiling module xil_defaultlib.sw_entity_0
Compiling module xil_defaultlib.float_multi_139
Compiling module xil_defaultlib.float_multi_140
Compiling module xil_defaultlib.dp_135
Compiling module xil_defaultlib.float_multi_137
Compiling module xil_defaultlib.float_multi_138
Compiling module xil_defaultlib.dp_136
Compiling module xil_defaultlib.mvm_106
Compiling module xil_defaultlib.float_multi_133
Compiling module xil_defaultlib.float_multi_134
Compiling module xil_defaultlib.dp_129
Compiling module xil_defaultlib.float_multi_131
Compiling module xil_defaultlib.float_multi_132
Compiling module xil_defaultlib.dp_130
Compiling module xil_defaultlib.mvm_107
Compiling module xil_defaultlib.float_multi_127
Compiling module xil_defaultlib.dp_123
Compiling module xil_defaultlib.float_multi_125
Compiling module xil_defaultlib.dp_124
Compiling module xil_defaultlib.mvm_108
Compiling module xil_defaultlib.float_multi_121
Compiling module xil_defaultlib.float_multi_122
Compiling module xil_defaultlib.dp_117
Compiling module xil_defaultlib.float_multi_119
Compiling module xil_defaultlib.float_multi_120
Compiling module xil_defaultlib.dp_118
Compiling module xil_defaultlib.mvm_109
Compiling module xil_defaultlib.float_multi_115
Compiling module xil_defaultlib.float_multi_116
Compiling module xil_defaultlib.dp_111
Compiling module xil_defaultlib.float_multi_113
Compiling module xil_defaultlib.float_multi_114
Compiling module xil_defaultlib.dp_112
Compiling module xil_defaultlib.mvm_110
Compiling module xil_defaultlib.eq05_69
Compiling module xil_defaultlib.float_multi_104
Compiling module xil_defaultlib.float_multi_105
Compiling module xil_defaultlib.dp_100
Compiling module xil_defaultlib.float_multi_102
Compiling module xil_defaultlib.float_multi_103
Compiling module xil_defaultlib.dp_101
Compiling module xil_defaultlib.mvm_71
Compiling module xil_defaultlib.float_multi_98
Compiling module xil_defaultlib.dp_94
Compiling module xil_defaultlib.float_multi_96
Compiling module xil_defaultlib.dp_95
Compiling module xil_defaultlib.mvm_72
Compiling module xil_defaultlib.float_multi_92
Compiling module xil_defaultlib.float_multi_93
Compiling module xil_defaultlib.dp_88
Compiling module xil_defaultlib.float_multi_90
Compiling module xil_defaultlib.float_multi_91
Compiling module xil_defaultlib.dp_89
Compiling module xil_defaultlib.mvm_73
Compiling module xil_defaultlib.float_multi_86
Compiling module xil_defaultlib.float_multi_87
Compiling module xil_defaultlib.dp_82
Compiling module xil_defaultlib.float_multi_84
Compiling module xil_defaultlib.float_multi_85
Compiling module xil_defaultlib.dp_83
Compiling module xil_defaultlib.mvm_74
Compiling module xil_defaultlib.float_multi_80
Compiling module xil_defaultlib.float_multi_81
Compiling module xil_defaultlib.dp_76
Compiling module xil_defaultlib.float_multi_78
Compiling module xil_defaultlib.float_multi_79
Compiling module xil_defaultlib.dp_77
Compiling module xil_defaultlib.mvm_75
Compiling module xil_defaultlib.eq0910_70
Compiling module xil_defaultlib.sy_entity
Compiling module xil_defaultlib.float_multi_67
Compiling module xil_defaultlib.float_multi_68
Compiling module xil_defaultlib.dp_63
Compiling module xil_defaultlib.float_multi_65
Compiling module xil_defaultlib.float_multi_66
Compiling module xil_defaultlib.dp_64
Compiling module xil_defaultlib.mvm_34
Compiling module xil_defaultlib.float_multi_61
Compiling module xil_defaultlib.float_multi_62
Compiling module xil_defaultlib.dp_57
Compiling module xil_defaultlib.float_multi_59
Compiling module xil_defaultlib.float_multi_60
Compiling module xil_defaultlib.dp_58
Compiling module xil_defaultlib.mvm_35
Compiling module xil_defaultlib.float_multi_55
Compiling module xil_defaultlib.dp_51
Compiling module xil_defaultlib.float_multi_53
Compiling module xil_defaultlib.dp_52
Compiling module xil_defaultlib.mvm_36
Compiling module xil_defaultlib.float_multi_49
Compiling module xil_defaultlib.float_multi_50
Compiling module xil_defaultlib.dp_45
Compiling module xil_defaultlib.float_multi_47
Compiling module xil_defaultlib.float_multi_48
Compiling module xil_defaultlib.dp_46
Compiling module xil_defaultlib.mvm_37
Compiling module xil_defaultlib.float_multi_43
Compiling module xil_defaultlib.float_multi_44
Compiling module xil_defaultlib.dp_39
Compiling module xil_defaultlib.float_multi_41
Compiling module xil_defaultlib.float_multi_42
Compiling module xil_defaultlib.dp_40
Compiling module xil_defaultlib.mvm_38
Compiling module xil_defaultlib.eq05
Compiling module xil_defaultlib.float_multi_32
Compiling module xil_defaultlib.float_multi_33
Compiling module xil_defaultlib.dp_28
Compiling module xil_defaultlib.float_multi_30
Compiling module xil_defaultlib.float_multi_31
Compiling module xil_defaultlib.dp_29
Compiling module xil_defaultlib.mvm
Compiling module xil_defaultlib.float_multi_26
Compiling module xil_defaultlib.dp_22
Compiling module xil_defaultlib.float_multi_24
Compiling module xil_defaultlib.dp_23
Compiling module xil_defaultlib.mvm_2
Compiling module xil_defaultlib.float_multi_20
Compiling module xil_defaultlib.float_multi_21
Compiling module xil_defaultlib.dp_16
Compiling module xil_defaultlib.float_multi_18
Compiling module xil_defaultlib.float_multi_19
Compiling module xil_defaultlib.dp_17
Compiling module xil_defaultlib.mvm_3
Compiling module xil_defaultlib.float_multi_14
Compiling module xil_defaultlib.float_multi_15
Compiling module xil_defaultlib.dp_10
Compiling module xil_defaultlib.float_multi_12
Compiling module xil_defaultlib.float_multi_13
Compiling module xil_defaultlib.dp_11
Compiling module xil_defaultlib.mvm_4
Compiling module xil_defaultlib.float_multi_8
Compiling module xil_defaultlib.float_multi_9
Compiling module xil_defaultlib.dp
Compiling module xil_defaultlib.float_multi
Compiling module xil_defaultlib.float_multi_7
Compiling module xil_defaultlib.dp_6
Compiling module xil_defaultlib.mvm_5
Compiling module xil_defaultlib.eq0910
Compiling module xil_defaultlib.sy_entity_1
Compiling module xil_defaultlib.solver_engine
Compiling module xil_defaultlib.solver_engine_tb
Compiling module xil_defaultlib.glbl
Built simulation snapshot solver_engine_tb_func_impl
