INFO: [VRFC 10-2263] Analyzing Verilog file "/home/dvd/SPL/spl_prj/spl_prj.sim/sim_1/impl/func/xsim/solver_engine_tb_func_impl.v" into library xil_defaultlib
INFO: [VRFC 10-311] analyzing module clk_x_pntrs
INFO: [VRFC 10-311] analyzing module clk_x_pntrs_7
INFO: [VRFC 10-311] analyzing module dbg_hub
INFO: [VRFC 10-311] analyzing module dmem
INFO: [VRFC 10-311] analyzing module dmem_13
INFO: [VRFC 10-311] analyzing module fifo_generator_ramfifo
INFO: [VRFC 10-311] analyzing module fifo_generator_ramfifo__parameterized0
INFO: [VRFC 10-311] analyzing module fifo_generator_top
INFO: [VRFC 10-311] analyzing module fifo_generator_top__parameterized0
INFO: [VRFC 10-311] analyzing module fifo_generator_v13_1_4
INFO: [VRFC 10-311] analyzing module fifo_generator_v13_1_4__parameterized0
INFO: [VRFC 10-311] analyzing module fifo_generator_v13_1_4_synth
INFO: [VRFC 10-311] analyzing module fifo_generator_v13_1_4_synth__parameterized0
INFO: [VRFC 10-311] analyzing module ltlib_v1_0_0_bscan
INFO: [VRFC 10-311] analyzing module ltlib_v1_0_0_generic_mux
INFO: [VRFC 10-311] analyzing module memory
INFO: [VRFC 10-311] analyzing module memory__parameterized0
INFO: [VRFC 10-311] analyzing module rd_bin_cntr
INFO: [VRFC 10-311] analyzing module rd_bin_cntr_18
INFO: [VRFC 10-311] analyzing module rd_fwft
INFO: [VRFC 10-311] analyzing module rd_handshaking_flags
INFO: [VRFC 10-311] analyzing module rd_handshaking_flags__parameterized0
INFO: [VRFC 10-311] analyzing module rd_logic
INFO: [VRFC 10-311] analyzing module rd_logic__parameterized0
INFO: [VRFC 10-311] analyzing module rd_status_flags_as
INFO: [VRFC 10-311] analyzing module rd_status_flags_as_17
INFO: [VRFC 10-311] analyzing module reset_blk_ramfifo
INFO: [VRFC 10-311] analyzing module reset_blk_ramfifo_8
INFO: [VRFC 10-311] analyzing module synchronizer_ff
INFO: [VRFC 10-311] analyzing module synchronizer_ff_1
INFO: [VRFC 10-311] analyzing module synchronizer_ff_10
INFO: [VRFC 10-311] analyzing module synchronizer_ff_11
INFO: [VRFC 10-311] analyzing module synchronizer_ff_12
INFO: [VRFC 10-311] analyzing module synchronizer_ff_2
INFO: [VRFC 10-311] analyzing module synchronizer_ff_3
INFO: [VRFC 10-311] analyzing module synchronizer_ff_9
INFO: [VRFC 10-311] analyzing module synchronizer_ff__parameterized0
INFO: [VRFC 10-311] analyzing module synchronizer_ff__parameterized0_19
INFO: [VRFC 10-311] analyzing module synchronizer_ff__parameterized0_20
INFO: [VRFC 10-311] analyzing module synchronizer_ff__parameterized0_21
INFO: [VRFC 10-311] analyzing module synchronizer_ff__parameterized0_22
INFO: [VRFC 10-311] analyzing module synchronizer_ff__parameterized0_4
INFO: [VRFC 10-311] analyzing module synchronizer_ff__parameterized0_5
INFO: [VRFC 10-311] analyzing module synchronizer_ff__parameterized0_6
INFO: [VRFC 10-311] analyzing module wr_bin_cntr
INFO: [VRFC 10-311] analyzing module wr_bin_cntr_16
INFO: [VRFC 10-311] analyzing module wr_handshaking_flags
INFO: [VRFC 10-311] analyzing module wr_handshaking_flags_15
INFO: [VRFC 10-311] analyzing module wr_logic
INFO: [VRFC 10-311] analyzing module wr_logic__parameterized0
INFO: [VRFC 10-311] analyzing module wr_status_flags_as
INFO: [VRFC 10-311] analyzing module wr_status_flags_as_14
INFO: [VRFC 10-311] analyzing module xsdbm_v3_0_0_addr_ctl
INFO: [VRFC 10-311] analyzing module xsdbm_v3_0_0_bscan_switch
INFO: [VRFC 10-311] analyzing module xsdbm_v3_0_0_burst_wdlen_ctl
INFO: [VRFC 10-311] analyzing module xsdbm_v3_0_0_bus_ctl
INFO: [VRFC 10-311] analyzing module xsdbm_v3_0_0_bus_ctl_cnt
INFO: [VRFC 10-311] analyzing module xsdbm_v3_0_0_bus_ctl_flg
INFO: [VRFC 10-311] analyzing module xsdbm_v3_0_0_bus_ctl_flg__parameterized0
INFO: [VRFC 10-311] analyzing module xsdbm_v3_0_0_bus_mstr2sl_if
INFO: [VRFC 10-311] analyzing module xsdbm_v3_0_0_cmd_decode
INFO: [VRFC 10-311] analyzing module xsdbm_v3_0_0_ctl_reg
INFO: [VRFC 10-311] analyzing module xsdbm_v3_0_0_ctl_reg__parameterized0
INFO: [VRFC 10-311] analyzing module xsdbm_v3_0_0_ctl_reg__parameterized1
INFO: [VRFC 10-311] analyzing module xsdbm_v3_0_0_ctl_reg__parameterized2
INFO: [VRFC 10-311] analyzing module xsdbm_v3_0_0_icon
INFO: [VRFC 10-311] analyzing module xsdbm_v3_0_0_icon2xsdb
INFO: [VRFC 10-311] analyzing module xsdbm_v3_0_0_if
INFO: [VRFC 10-311] analyzing module xsdbm_v3_0_0_if_static_status
INFO: [VRFC 10-311] analyzing module xsdbm_v3_0_0_rdfifo
INFO: [VRFC 10-311] analyzing module xsdbm_v3_0_0_rdreg
INFO: [VRFC 10-311] analyzing module xsdbm_v3_0_0_stat
INFO: [VRFC 10-311] analyzing module xsdbm_v3_0_0_stat_reg
INFO: [VRFC 10-311] analyzing module xsdbm_v3_0_0_stat_reg__parameterized0
INFO: [VRFC 10-311] analyzing module xsdbm_v3_0_0_stat_reg__parameterized0_0
INFO: [VRFC 10-311] analyzing module xsdbm_v3_0_0_sync
INFO: [VRFC 10-311] analyzing module xsdbm_v3_0_0_wrfifo
INFO: [VRFC 10-311] analyzing module xsdbm_v3_0_0_wrreg
INFO: [VRFC 10-311] analyzing module xsdbm_v3_0_0_xsdbm
INFO: [VRFC 10-311] analyzing module xsdbm_v3_0_0_xsdbm_id
INFO: [VRFC 10-311] analyzing module dp
INFO: [VRFC 10-311] analyzing module dp_10
INFO: [VRFC 10-311] analyzing module dp_100
INFO: [VRFC 10-311] analyzing module dp_101
INFO: [VRFC 10-311] analyzing module dp_11
INFO: [VRFC 10-311] analyzing module dp_111
INFO: [VRFC 10-311] analyzing module dp_112
INFO: [VRFC 10-311] analyzing module dp_117
INFO: [VRFC 10-311] analyzing module dp_118
INFO: [VRFC 10-311] analyzing module dp_123
INFO: [VRFC 10-311] analyzing module dp_124
INFO: [VRFC 10-311] analyzing module dp_129
INFO: [VRFC 10-311] analyzing module dp_130
INFO: [VRFC 10-311] analyzing module dp_135
INFO: [VRFC 10-311] analyzing module dp_136
INFO: [VRFC 10-311] analyzing module dp_145
INFO: [VRFC 10-311] analyzing module dp_146
INFO: [VRFC 10-311] analyzing module dp_151
INFO: [VRFC 10-311] analyzing module dp_152
INFO: [VRFC 10-311] analyzing module dp_157
INFO: [VRFC 10-311] analyzing module dp_158
INFO: [VRFC 10-311] analyzing module dp_16
INFO: [VRFC 10-311] analyzing module dp_163
INFO: [VRFC 10-311] analyzing module dp_164
INFO: [VRFC 10-311] analyzing module dp_17
INFO: [VRFC 10-311] analyzing module dp_170
INFO: [VRFC 10-311] analyzing module dp_171
INFO: [VRFC 10-311] analyzing module dp_182
INFO: [VRFC 10-311] analyzing module dp_183
INFO: [VRFC 10-311] analyzing module dp_188
INFO: [VRFC 10-311] analyzing module dp_189
INFO: [VRFC 10-311] analyzing module dp_194
INFO: [VRFC 10-311] analyzing module dp_195
INFO: [VRFC 10-311] analyzing module dp_200
INFO: [VRFC 10-311] analyzing module dp_201
INFO: [VRFC 10-311] analyzing module dp_207
INFO: [VRFC 10-311] analyzing module dp_208
INFO: [VRFC 10-311] analyzing module dp_22
INFO: [VRFC 10-311] analyzing module dp_23
INFO: [VRFC 10-311] analyzing module dp_28
INFO: [VRFC 10-311] analyzing module dp_29
INFO: [VRFC 10-311] analyzing module dp_39
INFO: [VRFC 10-311] analyzing module dp_40
INFO: [VRFC 10-311] analyzing module dp_45
INFO: [VRFC 10-311] analyzing module dp_46
INFO: [VRFC 10-311] analyzing module dp_51
INFO: [VRFC 10-311] analyzing module dp_52
INFO: [VRFC 10-311] analyzing module dp_57
INFO: [VRFC 10-311] analyzing module dp_58
INFO: [VRFC 10-311] analyzing module dp_6
INFO: [VRFC 10-311] analyzing module dp_63
INFO: [VRFC 10-311] analyzing module dp_64
INFO: [VRFC 10-311] analyzing module dp_76
INFO: [VRFC 10-311] analyzing module dp_77
INFO: [VRFC 10-311] analyzing module dp_82
INFO: [VRFC 10-311] analyzing module dp_83
INFO: [VRFC 10-311] analyzing module dp_88
INFO: [VRFC 10-311] analyzing module dp_89
INFO: [VRFC 10-311] analyzing module dp_94
INFO: [VRFC 10-311] analyzing module dp_95
INFO: [VRFC 10-311] analyzing module eq05
INFO: [VRFC 10-311] analyzing module eq05_69
INFO: [VRFC 10-311] analyzing module eq0910
INFO: [VRFC 10-311] analyzing module eq0910_70
INFO: [VRFC 10-311] analyzing module eq1213
INFO: [VRFC 10-311] analyzing module eq1213_177
INFO: [VRFC 10-311] analyzing module eq1415
INFO: [VRFC 10-311] analyzing module eq1415_176
INFO: [VRFC 10-311] analyzing module float_multi
INFO: [VRFC 10-311] analyzing module float_multi_102
INFO: [VRFC 10-311] analyzing module float_multi_103
INFO: [VRFC 10-311] analyzing module float_multi_104
INFO: [VRFC 10-311] analyzing module float_multi_105
INFO: [VRFC 10-311] analyzing module float_multi_113
INFO: [VRFC 10-311] analyzing module float_multi_114
INFO: [VRFC 10-311] analyzing module float_multi_115
INFO: [VRFC 10-311] analyzing module float_multi_116
INFO: [VRFC 10-311] analyzing module float_multi_119
INFO: [VRFC 10-311] analyzing module float_multi_12
INFO: [VRFC 10-311] analyzing module float_multi_120
INFO: [VRFC 10-311] analyzing module float_multi_121
INFO: [VRFC 10-311] analyzing module float_multi_122
INFO: [VRFC 10-311] analyzing module float_multi_125
INFO: [VRFC 10-311] analyzing module float_multi_127
INFO: [VRFC 10-311] analyzing module float_multi_13
INFO: [VRFC 10-311] analyzing module float_multi_131
INFO: [VRFC 10-311] analyzing module float_multi_132
INFO: [VRFC 10-311] analyzing module float_multi_133
INFO: [VRFC 10-311] analyzing module float_multi_134
INFO: [VRFC 10-311] analyzing module float_multi_137
INFO: [VRFC 10-311] analyzing module float_multi_138
INFO: [VRFC 10-311] analyzing module float_multi_139
INFO: [VRFC 10-311] analyzing module float_multi_14
INFO: [VRFC 10-311] analyzing module float_multi_140
INFO: [VRFC 10-311] analyzing module float_multi_147
INFO: [VRFC 10-311] analyzing module float_multi_148
INFO: [VRFC 10-311] analyzing module float_multi_149
INFO: [VRFC 10-311] analyzing module float_multi_15
INFO: [VRFC 10-311] analyzing module float_multi_150
INFO: [VRFC 10-311] analyzing module float_multi_153
INFO: [VRFC 10-311] analyzing module float_multi_155
INFO: [VRFC 10-311] analyzing module float_multi_159
INFO: [VRFC 10-311] analyzing module float_multi_160
INFO: [VRFC 10-311] analyzing module float_multi_161
INFO: [VRFC 10-311] analyzing module float_multi_162
INFO: [VRFC 10-311] analyzing module float_multi_165
INFO: [VRFC 10-311] analyzing module float_multi_166
INFO: [VRFC 10-311] analyzing module float_multi_167
INFO: [VRFC 10-311] analyzing module float_multi_168
INFO: [VRFC 10-311] analyzing module float_multi_172
INFO: [VRFC 10-311] analyzing module float_multi_173
INFO: [VRFC 10-311] analyzing module float_multi_174
INFO: [VRFC 10-311] analyzing module float_multi_175
INFO: [VRFC 10-311] analyzing module float_multi_18
INFO: [VRFC 10-311] analyzing module float_multi_184
INFO: [VRFC 10-311] analyzing module float_multi_185
INFO: [VRFC 10-311] analyzing module float_multi_186
INFO: [VRFC 10-311] analyzing module float_multi_187
INFO: [VRFC 10-311] analyzing module float_multi_19
INFO: [VRFC 10-311] analyzing module float_multi_190
INFO: [VRFC 10-311] analyzing module float_multi_192
INFO: [VRFC 10-311] analyzing module float_multi_196
INFO: [VRFC 10-311] analyzing module float_multi_197
INFO: [VRFC 10-311] analyzing module float_multi_198
INFO: [VRFC 10-311] analyzing module float_multi_199
INFO: [VRFC 10-311] analyzing module float_multi_20
INFO: [VRFC 10-311] analyzing module float_multi_202
INFO: [VRFC 10-311] analyzing module float_multi_203
INFO: [VRFC 10-311] analyzing module float_multi_204
INFO: [VRFC 10-311] analyzing module float_multi_205
INFO: [VRFC 10-311] analyzing module float_multi_209
INFO: [VRFC 10-311] analyzing module float_multi_21
INFO: [VRFC 10-311] analyzing module float_multi_210
INFO: [VRFC 10-311] analyzing module float_multi_211
INFO: [VRFC 10-311] analyzing module float_multi_212
INFO: [VRFC 10-311] analyzing module float_multi_24
INFO: [VRFC 10-311] analyzing module float_multi_26
INFO: [VRFC 10-311] analyzing module float_multi_30
INFO: [VRFC 10-311] analyzing module float_multi_31
INFO: [VRFC 10-311] analyzing module float_multi_32
INFO: [VRFC 10-311] analyzing module float_multi_33
INFO: [VRFC 10-311] analyzing module float_multi_41
INFO: [VRFC 10-311] analyzing module float_multi_42
INFO: [VRFC 10-311] analyzing module float_multi_43
INFO: [VRFC 10-311] analyzing module float_multi_44
INFO: [VRFC 10-311] analyzing module float_multi_47
INFO: [VRFC 10-311] analyzing module float_multi_48
INFO: [VRFC 10-311] analyzing module float_multi_49
INFO: [VRFC 10-311] analyzing module float_multi_50
INFO: [VRFC 10-311] analyzing module float_multi_53
INFO: [VRFC 10-311] analyzing module float_multi_55
INFO: [VRFC 10-311] analyzing module float_multi_59
INFO: [VRFC 10-311] analyzing module float_multi_60
INFO: [VRFC 10-311] analyzing module float_multi_61
INFO: [VRFC 10-311] analyzing module float_multi_62
INFO: [VRFC 10-311] analyzing module float_multi_65
INFO: [VRFC 10-311] analyzing module float_multi_66
INFO: [VRFC 10-311] analyzing module float_multi_67
INFO: [VRFC 10-311] analyzing module float_multi_68
INFO: [VRFC 10-311] analyzing module float_multi_7
INFO: [VRFC 10-311] analyzing module float_multi_78
INFO: [VRFC 10-311] analyzing module float_multi_79
INFO: [VRFC 10-311] analyzing module float_multi_8
INFO: [VRFC 10-311] analyzing module float_multi_80
INFO: [VRFC 10-311] analyzing module float_multi_81
INFO: [VRFC 10-311] analyzing module float_multi_84
INFO: [VRFC 10-311] analyzing module float_multi_85
INFO: [VRFC 10-311] analyzing module float_multi_86
INFO: [VRFC 10-311] analyzing module float_multi_87
INFO: [VRFC 10-311] analyzing module float_multi_9
INFO: [VRFC 10-311] analyzing module float_multi_90
INFO: [VRFC 10-311] analyzing module float_multi_91
INFO: [VRFC 10-311] analyzing module float_multi_92
INFO: [VRFC 10-311] analyzing module float_multi_93
INFO: [VRFC 10-311] analyzing module float_multi_96
INFO: [VRFC 10-311] analyzing module float_multi_98
INFO: [VRFC 10-311] analyzing module ila_0
INFO: [VRFC 10-311] analyzing module mvm
INFO: [VRFC 10-311] analyzing module mvm_106
INFO: [VRFC 10-311] analyzing module mvm_107
INFO: [VRFC 10-311] analyzing module mvm_108
INFO: [VRFC 10-311] analyzing module mvm_109
INFO: [VRFC 10-311] analyzing module mvm_110
INFO: [VRFC 10-311] analyzing module mvm_141
INFO: [VRFC 10-311] analyzing module mvm_142
INFO: [VRFC 10-311] analyzing module mvm_143
INFO: [VRFC 10-311] analyzing module mvm_144
INFO: [VRFC 10-311] analyzing module mvm_169
INFO: [VRFC 10-311] analyzing module mvm_178
INFO: [VRFC 10-311] analyzing module mvm_179
INFO: [VRFC 10-311] analyzing module mvm_180
INFO: [VRFC 10-311] analyzing module mvm_181
INFO: [VRFC 10-311] analyzing module mvm_2
INFO: [VRFC 10-311] analyzing module mvm_206
INFO: [VRFC 10-311] analyzing module mvm_3
INFO: [VRFC 10-311] analyzing module mvm_34
INFO: [VRFC 10-311] analyzing module mvm_35
INFO: [VRFC 10-311] analyzing module mvm_36
INFO: [VRFC 10-311] analyzing module mvm_37
INFO: [VRFC 10-311] analyzing module mvm_38
INFO: [VRFC 10-311] analyzing module mvm_4
INFO: [VRFC 10-311] analyzing module mvm_5
INFO: [VRFC 10-311] analyzing module mvm_71
INFO: [VRFC 10-311] analyzing module mvm_72
INFO: [VRFC 10-311] analyzing module mvm_73
INFO: [VRFC 10-311] analyzing module mvm_74
INFO: [VRFC 10-311] analyzing module mvm_75
INFO: [VRFC 10-311] analyzing module solver_engine
INFO: [VRFC 10-311] analyzing module sw_entity
INFO: [VRFC 10-311] analyzing module sw_entity_0
INFO: [VRFC 10-311] analyzing module sy_entity
INFO: [VRFC 10-311] analyzing module sy_entity_1
INFO: [VRFC 10-311] analyzing module ila_0_ila_v6_2_13_ila
INFO: [VRFC 10-311] analyzing module ila_0_ila_v6_2_13_ila_cap_addrgen
INFO: [VRFC 10-311] analyzing module ila_0_ila_v6_2_13_ila_cap_ctrl_legacy
INFO: [VRFC 10-311] analyzing module ila_0_ila_v6_2_13_ila_cap_sample_counter
INFO: [VRFC 10-311] analyzing module ila_0_ila_v6_2_13_ila_cap_window_counter
INFO: [VRFC 10-311] analyzing module ila_0_ila_v6_2_13_ila_core
INFO: [VRFC 10-311] analyzing module ila_0_ila_v6_2_13_ila_register
INFO: [VRFC 10-311] analyzing module ila_0_ila_v6_2_13_ila_reset_ctrl
INFO: [VRFC 10-311] analyzing module ila_0_ila_v6_2_13_ila_trace_memory
INFO: [VRFC 10-311] analyzing module ila_0_ila_v6_2_13_ila_trig_match
INFO: [VRFC 10-311] analyzing module ila_0_ila_v6_2_13_ila_trigger
INFO: [VRFC 10-311] analyzing module ila_0_ltlib_v1_0_0_all_typeA
INFO: [VRFC 10-311] analyzing module ila_0_ltlib_v1_0_0_all_typeA_15
INFO: [VRFC 10-311] analyzing module ila_0_ltlib_v1_0_0_all_typeA__parameterized0
INFO: [VRFC 10-311] analyzing module ila_0_ltlib_v1_0_0_all_typeA__parameterized1
INFO: [VRFC 10-311] analyzing module ila_0_ltlib_v1_0_0_all_typeA__parameterized1_35
INFO: [VRFC 10-311] analyzing module ila_0_ltlib_v1_0_0_all_typeA__parameterized1_39
INFO: [VRFC 10-311] analyzing module ila_0_ltlib_v1_0_0_all_typeA_slice
INFO: [VRFC 10-311] analyzing module ila_0_ltlib_v1_0_0_all_typeA_slice_16
INFO: [VRFC 10-311] analyzing module ila_0_ltlib_v1_0_0_all_typeA_slice_5
INFO: [VRFC 10-311] analyzing module ila_0_ltlib_v1_0_0_all_typeA_slice__parameterized0
INFO: [VRFC 10-311] analyzing module ila_0_ltlib_v1_0_0_all_typeA_slice__parameterized0_0
INFO: [VRFC 10-311] analyzing module ila_0_ltlib_v1_0_0_all_typeA_slice__parameterized0_1
INFO: [VRFC 10-311] analyzing module ila_0_ltlib_v1_0_0_all_typeA_slice__parameterized0_10
INFO: [VRFC 10-311] analyzing module ila_0_ltlib_v1_0_0_all_typeA_slice__parameterized0_11
INFO: [VRFC 10-311] analyzing module ila_0_ltlib_v1_0_0_all_typeA_slice__parameterized0_12
INFO: [VRFC 10-311] analyzing module ila_0_ltlib_v1_0_0_all_typeA_slice__parameterized0_13
INFO: [VRFC 10-311] analyzing module ila_0_ltlib_v1_0_0_all_typeA_slice__parameterized0_14
INFO: [VRFC 10-311] analyzing module ila_0_ltlib_v1_0_0_all_typeA_slice__parameterized0_2
INFO: [VRFC 10-311] analyzing module ila_0_ltlib_v1_0_0_all_typeA_slice__parameterized0_3
INFO: [VRFC 10-311] analyzing module ila_0_ltlib_v1_0_0_all_typeA_slice__parameterized0_4
INFO: [VRFC 10-311] analyzing module ila_0_ltlib_v1_0_0_all_typeA_slice__parameterized0_6
INFO: [VRFC 10-311] analyzing module ila_0_ltlib_v1_0_0_all_typeA_slice__parameterized0_7
INFO: [VRFC 10-311] analyzing module ila_0_ltlib_v1_0_0_all_typeA_slice__parameterized0_8
INFO: [VRFC 10-311] analyzing module ila_0_ltlib_v1_0_0_all_typeA_slice__parameterized0_9
INFO: [VRFC 10-311] analyzing module ila_0_ltlib_v1_0_0_all_typeA_slice__parameterized1
INFO: [VRFC 10-311] analyzing module ila_0_ltlib_v1_0_0_all_typeA_slice__parameterized1_36
INFO: [VRFC 10-311] analyzing module ila_0_ltlib_v1_0_0_all_typeA_slice__parameterized1_40
INFO: [VRFC 10-311] analyzing module ila_0_ltlib_v1_0_0_all_typeA_slice__parameterized2
INFO: [VRFC 10-311] analyzing module ila_0_ltlib_v1_0_0_all_typeA_slice__parameterized2_37
INFO: [VRFC 10-311] analyzing module ila_0_ltlib_v1_0_0_all_typeA_slice__parameterized2_41
INFO: [VRFC 10-311] analyzing module ila_0_ltlib_v1_0_0_allx_typeA
INFO: [VRFC 10-311] analyzing module ila_0_ltlib_v1_0_0_allx_typeA__parameterized0
INFO: [VRFC 10-311] analyzing module ila_0_ltlib_v1_0_0_allx_typeA__parameterized1
INFO: [VRFC 10-311] analyzing module ila_0_ltlib_v1_0_0_allx_typeA_nodelay
INFO: [VRFC 10-311] analyzing module ila_0_ltlib_v1_0_0_allx_typeA_nodelay_34
INFO: [VRFC 10-311] analyzing module ila_0_ltlib_v1_0_0_allx_typeA_nodelay_38
INFO: [VRFC 10-311] analyzing module ila_0_ltlib_v1_0_0_async_edge_xfer
INFO: [VRFC 10-311] analyzing module ila_0_ltlib_v1_0_0_async_edge_xfer__1
INFO: [VRFC 10-311] analyzing module ila_0_ltlib_v1_0_0_async_edge_xfer__2
INFO: [VRFC 10-311] analyzing module ila_0_ltlib_v1_0_0_async_edge_xfer__3
INFO: [VRFC 10-311] analyzing module ila_0_ltlib_v1_0_0_cfglut4
INFO: [VRFC 10-311] analyzing module ila_0_ltlib_v1_0_0_cfglut4__1
INFO: [VRFC 10-311] analyzing module ila_0_ltlib_v1_0_0_cfglut5
INFO: [VRFC 10-311] analyzing module ila_0_ltlib_v1_0_0_cfglut5__1
INFO: [VRFC 10-311] analyzing module ila_0_ltlib_v1_0_0_cfglut5__2
INFO: [VRFC 10-311] analyzing module ila_0_ltlib_v1_0_0_cfglut6
INFO: [VRFC 10-311] analyzing module ila_0_ltlib_v1_0_0_cfglut6__1
INFO: [VRFC 10-311] analyzing module ila_0_ltlib_v1_0_0_cfglut6__parameterized0
INFO: [VRFC 10-311] analyzing module ila_0_ltlib_v1_0_0_cfglut7
INFO: [VRFC 10-311] analyzing module ila_0_ltlib_v1_0_0_cfglut7__1
INFO: [VRFC 10-311] analyzing module ila_0_ltlib_v1_0_0_generic_memrd
INFO: [VRFC 10-311] analyzing module ila_0_ltlib_v1_0_0_match
INFO: [VRFC 10-311] analyzing module ila_0_ltlib_v1_0_0_match__parameterized0
INFO: [VRFC 10-311] analyzing module ila_0_ltlib_v1_0_0_match__parameterized1
INFO: [VRFC 10-311] analyzing module ila_0_ltlib_v1_0_0_match_nodelay
INFO: [VRFC 10-311] analyzing module ila_0_ltlib_v1_0_0_match_nodelay__1
INFO: [VRFC 10-311] analyzing module ila_0_ltlib_v1_0_0_match_nodelay__2
INFO: [VRFC 10-311] analyzing module ila_0_ltlib_v1_0_0_rising_edge_detection
INFO: [VRFC 10-311] analyzing module ila_0_ltlib_v1_0_0_rising_edge_detection__1
INFO: [VRFC 10-311] analyzing module ila_0_xsdbs_v1_0_2_reg__parameterized13
INFO: [VRFC 10-311] analyzing module ila_0_xsdbs_v1_0_2_reg__parameterized14
INFO: [VRFC 10-311] analyzing module ila_0_xsdbs_v1_0_2_reg__parameterized15
INFO: [VRFC 10-311] analyzing module ila_0_xsdbs_v1_0_2_reg__parameterized16
INFO: [VRFC 10-311] analyzing module ila_0_xsdbs_v1_0_2_reg__parameterized28
INFO: [VRFC 10-311] analyzing module ila_0_xsdbs_v1_0_2_reg__parameterized29
INFO: [VRFC 10-311] analyzing module ila_0_xsdbs_v1_0_2_reg__parameterized30
INFO: [VRFC 10-311] analyzing module ila_0_xsdbs_v1_0_2_reg__parameterized31
INFO: [VRFC 10-311] analyzing module ila_0_xsdbs_v1_0_2_reg__parameterized32
INFO: [VRFC 10-311] analyzing module ila_0_xsdbs_v1_0_2_reg__parameterized33
INFO: [VRFC 10-311] analyzing module ila_0_xsdbs_v1_0_2_reg__parameterized34
INFO: [VRFC 10-311] analyzing module ila_0_xsdbs_v1_0_2_reg__parameterized35
INFO: [VRFC 10-311] analyzing module ila_0_xsdbs_v1_0_2_reg__parameterized36
INFO: [VRFC 10-311] analyzing module ila_0_xsdbs_v1_0_2_reg__parameterized37
INFO: [VRFC 10-311] analyzing module ila_0_xsdbs_v1_0_2_reg__parameterized38
INFO: [VRFC 10-311] analyzing module ila_0_xsdbs_v1_0_2_reg__parameterized39
INFO: [VRFC 10-311] analyzing module ila_0_xsdbs_v1_0_2_reg__parameterized41
INFO: [VRFC 10-311] analyzing module ila_0_xsdbs_v1_0_2_reg__parameterized43
INFO: [VRFC 10-311] analyzing module ila_0_xsdbs_v1_0_2_reg__parameterized46
INFO: [VRFC 10-311] analyzing module ila_0_xsdbs_v1_0_2_reg_ctl
INFO: [VRFC 10-311] analyzing module ila_0_xsdbs_v1_0_2_reg_ctl_20
INFO: [VRFC 10-311] analyzing module ila_0_xsdbs_v1_0_2_reg_ctl_21
INFO: [VRFC 10-311] analyzing module ila_0_xsdbs_v1_0_2_reg_ctl_22
INFO: [VRFC 10-311] analyzing module ila_0_xsdbs_v1_0_2_reg_ctl_23
INFO: [VRFC 10-311] analyzing module ila_0_xsdbs_v1_0_2_reg_ctl_26
INFO: [VRFC 10-311] analyzing module ila_0_xsdbs_v1_0_2_reg_ctl_27
INFO: [VRFC 10-311] analyzing module ila_0_xsdbs_v1_0_2_reg_ctl_28
INFO: [VRFC 10-311] analyzing module ila_0_xsdbs_v1_0_2_reg_ctl_29
INFO: [VRFC 10-311] analyzing module ila_0_xsdbs_v1_0_2_reg_ctl_30
INFO: [VRFC 10-311] analyzing module ila_0_xsdbs_v1_0_2_reg_ctl_33
INFO: [VRFC 10-311] analyzing module ila_0_xsdbs_v1_0_2_reg_ctl__parameterized0
INFO: [VRFC 10-311] analyzing module ila_0_xsdbs_v1_0_2_reg_ctl__parameterized1
INFO: [VRFC 10-311] analyzing module ila_0_xsdbs_v1_0_2_reg_ctl__parameterized1_24
INFO: [VRFC 10-311] analyzing module ila_0_xsdbs_v1_0_2_reg_ctl__parameterized1_25
INFO: [VRFC 10-311] analyzing module ila_0_xsdbs_v1_0_2_reg_p2s
INFO: [VRFC 10-311] analyzing module ila_0_xsdbs_v1_0_2_reg_p2s__parameterized0
INFO: [VRFC 10-311] analyzing module ila_0_xsdbs_v1_0_2_reg_p2s__parameterized1
INFO: [VRFC 10-311] analyzing module ila_0_xsdbs_v1_0_2_reg_p2s__parameterized2
INFO: [VRFC 10-311] analyzing module ila_0_xsdbs_v1_0_2_reg_stat
INFO: [VRFC 10-311] analyzing module ila_0_xsdbs_v1_0_2_reg_stat_17
INFO: [VRFC 10-311] analyzing module ila_0_xsdbs_v1_0_2_reg_stat_18
INFO: [VRFC 10-311] analyzing module ila_0_xsdbs_v1_0_2_reg_stat_19
INFO: [VRFC 10-311] analyzing module ila_0_xsdbs_v1_0_2_reg_stat_31
INFO: [VRFC 10-311] analyzing module ila_0_xsdbs_v1_0_2_reg_stat_32
INFO: [VRFC 10-311] analyzing module ila_0_xsdbs_v1_0_2_reg_stream
INFO: [VRFC 10-311] analyzing module ila_0_xsdbs_v1_0_2_reg_stream__parameterized0
INFO: [VRFC 10-311] analyzing module ila_0_xsdbs_v1_0_2_xsdbs
INFO: [VRFC 10-311] analyzing module ila_0_blk_mem_gen_v8_4_6
INFO: [VRFC 10-311] analyzing module ila_0_blk_mem_gen_v8_4_6_blk_mem_gen_generic_cstr
INFO: [VRFC 10-311] analyzing module ila_0_blk_mem_gen_v8_4_6_blk_mem_gen_prim_width
INFO: [VRFC 10-311] analyzing module ila_0_blk_mem_gen_v8_4_6_blk_mem_gen_prim_width__parameterized0
INFO: [VRFC 10-311] analyzing module ila_0_blk_mem_gen_v8_4_6_blk_mem_gen_prim_width__parameterized1
INFO: [VRFC 10-311] analyzing module ila_0_blk_mem_gen_v8_4_6_blk_mem_gen_prim_width__parameterized2
INFO: [VRFC 10-311] analyzing module ila_0_blk_mem_gen_v8_4_6_blk_mem_gen_prim_wrapper
INFO: [VRFC 10-311] analyzing module ila_0_blk_mem_gen_v8_4_6_blk_mem_gen_prim_wrapper__parameterized0
INFO: [VRFC 10-311] analyzing module ila_0_blk_mem_gen_v8_4_6_blk_mem_gen_prim_wrapper__parameterized1
INFO: [VRFC 10-311] analyzing module ila_0_blk_mem_gen_v8_4_6_blk_mem_gen_prim_wrapper__parameterized2
INFO: [VRFC 10-311] analyzing module ila_0_blk_mem_gen_v8_4_6_blk_mem_gen_top
INFO: [VRFC 10-311] analyzing module ila_0_blk_mem_gen_v8_4_6_synth
INFO: [VRFC 10-311] analyzing module glbl
INFO: [VRFC 10-2263] Analyzing Verilog file "/home/dvd/src/solver_engine_tb.v" into library xil_defaultlib
INFO: [VRFC 10-311] analyzing module solver_engine_tb
