

================================================================
== Synthesis Summary Report of 'dab_top'
================================================================
+ General Information: 
    * Date:           Sun Jun 23 11:38:44 2024
    * Version:        2023.1 (Build 3854077 on May  4 2023)
    * Project:        dab_hls
    * Solution:       solution1 (Vivado IP Flow Target)
    * Product family: zynq
    * Target device:  xc7z020-clg400-1
    

+ Performance & Resource Estimates: 
    
    PS: '+' for module; 'o' for loop; '*' for dataflow
    +-----------+------+------+---------+---------+----------+---------+------+----------+------+-----------+-----------+-----------+-----+
    |  Modules  | Issue|      | Latency | Latency | Iteration|         | Trip |          |      |           |           |           |     |
    |  & Loops  | Type | Slack| (cycles)|   (ns)  |  Latency | Interval| Count| Pipelined| BRAM |    DSP    |     FF    |    LUT    | URAM|
    +-----------+------+------+---------+---------+----------+---------+------+----------+------+-----------+-----------+-----------+-----+
    |+ dab_top  |     -|  0.31|       14|  140.000|         -|       15|     -|        no|     -|  110 (50%)|  4841 (4%)|  3465 (6%)|    -|
    +-----------+------+------+---------+---------+----------+---------+------+----------+------+-----------+-----------+-----------+-----+


================================================================
== HW Interfaces
================================================================
* Other Ports
+---------+---------+-----------+----------+
| Port    | Mode    | Direction | Bitwidth |
+---------+---------+-----------+----------+
| out_xC1 | ap_vld  | out       | 64       |
| out_xC2 | ap_vld  | out       | 64       |
| out_xL  | ap_vld  | out       | 64       |
| s1      | ap_none | in        | 1        |
| s2      | ap_none | in        | 1        |
+---------+---------+-----------+----------+

* TOP LEVEL CONTROL
+-----------+------------+-----------------------------------+
| Interface | Type       | Ports                             |
+-----------+------------+-----------------------------------+
| ap_clk    | clock      | ap_clk                            |
| ap_rst    | reset      | ap_rst                            |
| ap_ctrl   | ap_ctrl_hs | ap_done ap_idle ap_ready ap_start |
+-----------+------------+-----------------------------------+


================================================================
== SW I/O Information
================================================================
* Top Function Arguments
+----------+-----------+---------------------------------------+
| Argument | Direction | Datatype                              |
+----------+-----------+---------------------------------------+
| s1       | in        | ap_uint<1>                            |
| s2       | in        | ap_uint<1>                            |
| out_xL   | out       | ap_fixed<64, 24, AP_TRN, AP_WRAP, 0>& |
| out_xC1  | out       | ap_fixed<64, 24, AP_TRN, AP_WRAP, 0>& |
| out_xC2  | out       | ap_fixed<64, 24, AP_TRN, AP_WRAP, 0>& |
+----------+-----------+---------------------------------------+

* SW-to-HW Mapping
+----------+----------------+---------+
| Argument | HW Interface   | HW Type |
+----------+----------------+---------+
| s1       | s1             | port    |
| s2       | s2             | port    |
| out_xL   | out_xL         | port    |
| out_xL   | out_xL_ap_vld  | port    |
| out_xC1  | out_xC1        | port    |
| out_xC1  | out_xC1_ap_vld | port    |
| out_xC2  | out_xC2        | port    |
| out_xC2  | out_xC2_ap_vld | port    |
+----------+----------------+---------+


================================================================
== Bind Op Report
================================================================
+----------------------------+-----+--------+------------+-----+--------+---------+
| Name                       | DSP | Pragma | Variable   | Op  | Impl   | Latency |
+----------------------------+-----+--------+------------+-----+--------+---------+
| + dab_top                  | 110 |        |            |     |        |         |
|   add_ln55_fu_232_p2       | -   |        | add_ln55   | add | fabric | 0       |
|   sub_ln57_fu_273_p2       | -   |        | sub_ln57   | sub | fabric | 0       |
|   sub_ln59_fu_278_p2       | -   |        | sub_ln59   | sub | fabric | 0       |
|   sub_ln61_fu_282_p2       | -   |        | sub_ln61   | sub | fabric | 0       |
|   mul_49s_37ns_84_5_1_U1   | 6   |        | mul_ln64   | mul | auto   | 4       |
|   add_ln64_fu_326_p2       | -   |        | add_ln64   | add | fabric | 0       |
|   mul_105s_69ns_172_5_1_U4 | 24  |        | mul_ln64_1 | mul | auto   | 4       |
|   add_ln64_1_fu_350_p2     | -   |        | add_ln64_1 | add | fabric | 0       |
|   sub_ln74_fu_408_p2       | -   |        | sub_ln74   | sub | fabric | 0       |
|   sub_ln83_fu_247_p2       | -   |        | sub_ln83   | sub | fabric | 0       |
|   mul_65s_48ns_111_5_1_U2  | 12  |        | mul_ln83   | mul | auto   | 4       |
|   add_ln83_fu_475_p2       | -   |        | add_ln83   | add | fabric | 0       |
|   mul_111s_65ns_175_5_1_U5 | 28  |        | mul_ln83_1 | mul | auto   | 4       |
|   add_ln83_1_fu_519_p2     | -   |        | add_ln83_1 | add | fabric | 0       |
|   sub_ln84_fu_257_p2       | -   |        | sub_ln84   | sub | fabric | 0       |
|   mul_65s_48ns_111_5_1_U3  | 12  |        | mul_ln84   | mul | auto   | 4       |
|   add_ln84_fu_496_p2       | -   |        | add_ln84   | add | fabric | 0       |
|   mul_111s_67ns_177_5_1_U6 | 28  |        | mul_ln84_1 | mul | auto   | 4       |
|   add_ln84_1_fu_555_p2     | -   |        | add_ln84_1 | add | fabric | 0       |
+----------------------------+-----+--------+------------+-----+--------+---------+


================================================================
== Bind Storage Report
================================================================
  No bind storage info in design

================================================================
== Pragma Report
================================================================
  No pragmas found

