Vivado Simulator v2023.1
Copyright 1986-2022 Xilinx, Inc. All Rights Reserved.
Copyright 2022-2023 Advanced Micro Devices, Inc. All Rights Reserved.
Running: /home/dvd/Vivado/2023.1/bin/unwrapped/lnx64.o/xelab xil_defaultlib.apatb_dab_top_top glbl -Oenable_linking_all_libraries -prj dab_top.prj -L smartconnect_v1_0 -L axi_protocol_checker_v1_1_12 -L axi_protocol_checker_v1_1_13 -L axis_protocol_checker_v1_1_11 -L axis_protocol_checker_v1_1_12 -L xil_defaultlib -L unisims_ver -L xpm -L floating_point_v7_1_15 -L floating_point_v7_0_20 --lib ieee_proposed=./ieee_proposed -s dab_top -debug all 
Multi-threading is on. Using 2 slave threads.
WARNING: [XSIM 43-3431] One or more environment variables have been detected which affect the operation of the C compiler. These are typically not set in standard installations and are not tested by Xilinx, however they may be appropriate for your system, so the flow will attempt to continue.  If errors occur, try running xelab with the "-mt off -v 1" switches to see more information from the C compiler. The following environment variables have been detected:
INFO: [VRFC 10-2263] Analyzing SystemVerilog file "/home/dvd/dab_hls/solution1/sim/verilog/glbl.v" into library work
INFO: [VRFC 10-311] analyzing module glbl
INFO: [VRFC 10-2263] Analyzing SystemVerilog file "/home/dvd/dab_hls/solution1/sim/verilog/dab_top.v" into library xil_defaultlib
INFO: [VRFC 10-311] analyzing module dab_top
INFO: [VRFC 10-2263] Analyzing SystemVerilog file "/home/dvd/dab_hls/solution1/sim/verilog/dab_top_mul_49s_37ns_84_5_1.v" into library xil_defaultlib
INFO: [VRFC 10-311] analyzing module dab_top_mul_49s_37ns_84_5_1
INFO: [VRFC 10-2263] Analyzing SystemVerilog file "/home/dvd/dab_hls/solution1/sim/verilog/dab_top_mul_111s_65ns_175_5_1.v" into library xil_defaultlib
INFO: [VRFC 10-311] analyzing module dab_top_mul_111s_65ns_175_5_1
INFO: [VRFC 10-2263] Analyzing SystemVerilog file "/home/dvd/dab_hls/solution1/sim/verilog/dab_top.autotb.v" into library xil_defaultlib
INFO: [VRFC 10-311] analyzing module apatb_dab_top_top
INFO: [VRFC 10-2263] Analyzing SystemVerilog file "/home/dvd/dab_hls/solution1/sim/verilog/dab_top_mul_105s_69ns_172_5_1.v" into library xil_defaultlib
INFO: [VRFC 10-311] analyzing module dab_top_mul_105s_69ns_172_5_1
INFO: [VRFC 10-2263] Analyzing SystemVerilog file "/home/dvd/dab_hls/solution1/sim/verilog/dab_top_mul_111s_67ns_177_5_1.v" into library xil_defaultlib
INFO: [VRFC 10-311] analyzing module dab_top_mul_111s_67ns_177_5_1
INFO: [VRFC 10-2263] Analyzing SystemVerilog file "/home/dvd/dab_hls/solution1/sim/verilog/dab_top_mul_65s_48ns_111_5_1.v" into library xil_defaultlib
INFO: [VRFC 10-311] analyzing module dab_top_mul_65s_48ns_111_5_1
INFO: [VRFC 10-2263] Analyzing SystemVerilog file "/home/dvd/dab_hls/solution1/sim/verilog/dataflow_monitor.sv" into library xil_defaultlib
INFO: [VRFC 10-311] analyzing module dataflow_monitor
Starting static elaboration
Pass Through NonSizing Optimizer
Completed static elaboration
Starting simulation data flow analysis
Completed simulation data flow analysis
Time Resolution for simulation is 1ps
Compiling package xil_defaultlib.$unit_dataflow_monitor_sv
Compiling module xil_defaultlib.dab_top_mul_49s_37ns_84_5_1(NUM_...
Compiling module xil_defaultlib.dab_top_mul_65s_48ns_111_5_1(NUM...
Compiling module xil_defaultlib.dab_top_mul_105s_69ns_172_5_1(NU...
Compiling module xil_defaultlib.dab_top_mul_111s_65ns_175_5_1(NU...
Compiling module xil_defaultlib.dab_top_mul_111s_67ns_177_5_1(NU...
Compiling module xil_defaultlib.dab_top
Compiling module xil_defaultlib.nodf_module_intf
Compiling module xil_defaultlib.dataflow_monitor_1
Compiling module xil_defaultlib.apatb_dab_top_top
Compiling module work.glbl
Built simulation snapshot dab_top
